[0609/113240:INFO:CONSOLE(0)] "The source list for Content Security Policy directive 'script-src' contains an invalid source: ''report-sample''. It will be ignored.", source: https://www.altium.com/ (0)
[0609/113240:INFO:CONSOLE(0)] "Unrecognized Content-Security-Policy directive 'worker-src'.
", source: https://www.altium.com/ (0)
[0609/113240:INFO:CONSOLE(0)] "Synchronous XMLHttpRequest on the main thread is deprecated because of its detrimental effects to the end user's experience. For more help, check https://xhr.spec.whatwg.org/.", source:  (0)
[0609/113240:INFO:CONSOLE(0)] "Setting 'XMLHttpRequest.withCredentials' for synchronous requests is deprecated.", source:  (0)
[0609/113241:INFO:CONSOLE(242)] "Uncaught SyntaxError: Unexpected token {", source: https://www.altium.com/ (242)
[0609/113241:INFO:CONSOLE(280)] "Uncaught TypeError: Cannot read property 'utility' of undefined", source: https://www.altium.com/ (280)
[0609/113241:INFO:CONSOLE(3)] "Uncaught SyntaxError: Unexpected token ...", source: https://js.qualified.com/qualified.js?token=9Ye7VbKcmoDFGWrj (3)
[0609/113241:INFO:CONSOLE(1)] "Uncaught SyntaxError: Unexpected token ...", source: https://cdn-shared.altium.com/production/dams/dams.min.js (1)
[0609/113241:INFO:CONSOLE(11)] "Uncaught SyntaxError: Unexpected token .", source: https://www.altium.com/sites/default/assets/js/js_o-mlJeLA3DKIsgFfUzsgMFAqUgG9aq0laZOmpgVbl3o.js?scope=footer&delta=0&language=en&theme=altium_designer_new&include=eJx1UFtuhDAMvNBCjhSZxASzSYxss1tuX9olCFH1w_F4ZvxQIEZjqJuDA_SjcLUHZKO1-DC7D-rCfHKrGhcXhUbrwgR2E1LmAXJnExbsqI5806lGguoFIwkG0yZHVEoVxVd8tyFqW6aaTouq26OVH5NXBAlTO7R1_pLNmTmxf1NMaMfoK9UvwrFZC8gTjd2Ru5GlnBsrvCiBEVc_ZA5PdSOzofyvTwjxog-6uAtuvE6w_4f7uaOHnP0CCc-lui4oGoQWc3-p5nqBEBiLC7xWk-2RmFNGb5Bc2p973cMMX9-XTMok (11)
[0609/113241:INFO:CONSOLE(2)] "Uncaught ReferenceError: Drupal is not defined", source: https://www.altium.com/sites/default/assets/js/js_N0AnjS9TdZQ83BTmU00MVo8hRTxcLdGHTYf9DQVo79E.js?scope=footer&delta=2&language=en&theme=altium_designer_new&include=eJx1UFtuhDAMvNBCjhSZxASzSYxss1tuX9olCFH1w_F4ZvxQIEZjqJuDA_SjcLUHZKO1-DC7D-rCfHKrGhcXhUbrwgR2E1LmAXJnExbsqI5806lGguoFIwkG0yZHVEoVxVd8tyFqW6aaTouq26OVH5NXBAlTO7R1_pLNmTmxf1NMaMfoK9UvwrFZC8gTjd2Ru5GlnBsrvCiBEVc_ZA5PdSOzofyvTwjxog-6uAtuvE6w_4f7uaOHnP0CCc-lui4oGoQWc3-p5nqBEBiLC7xWk-2RmFNGb5Bc2p973cMMX9-XTMok (2)
[0609/113241:INFO:CONSOLE(3)] "Uncaught SyntaxError: Unexpected token .", source: https://cdn-shared.altium.com/production/drift/driftChat.js (3)
[0609/113241:INFO:CONSOLE(10)] "Uncaught SyntaxError: Unexpected token .", source: https://www.altium.com/sites/default/assets/js/js_fY3lSzWy6rcb_MByFREQr5xkdArQNwTf8EXTqQP3ido.js?scope=footer&delta=4&language=en&theme=altium_designer_new&include=eJx1UFtuhDAMvNBCjhSZxASzSYxss1tuX9olCFH1w_F4ZvxQIEZjqJuDA_SjcLUHZKO1-DC7D-rCfHKrGhcXhUbrwgR2E1LmAXJnExbsqI5806lGguoFIwkG0yZHVEoVxVd8tyFqW6aaTouq26OVH5NXBAlTO7R1_pLNmTmxf1NMaMfoK9UvwrFZC8gTjd2Ru5GlnBsrvCiBEVc_ZA5PdSOzofyvTwjxog-6uAtuvE6w_4f7uaOHnP0CCc-lui4oGoQWc3-p5nqBEBiLC7xWk-2RmFNGb5Bc2p973cMMX9-XTMok (10)
[0609/113241:INFO:CONSOLE(1)] "Uncaught ReferenceError: jQuery is not defined", source: https://cdn-shared.altium.com/production/altium-all-pages/dist/components/bCountdown/bCountdown.min.js (1)
[0609/113241:INFO:CONSOLE(1)] "Uncaught ReferenceError: jQuery is not defined", source: https://cdn-shared.altium.com/development/wds/dist/components/wds-sticky/wds-sticky.min.js (1)
[0609/113241:INFO:CONSOLE(1)] "Uncaught ReferenceError: jQuery is not defined", source: https://cdn-shared.altium.com/development/wds/dist/components/wds-steps/wds-steps.min.js (1)
[0609/113241:INFO:CONSOLE(1)] "Uncaught ReferenceError: jQuery is not defined", source: https://cdn-shared.altium.com/development/wds/dist/components/wds-formV2/wds-formV2.min.js (1)
[0609/113241:INFO:CONSOLE(1)] "Uncaught ReferenceError: jQuery is not defined", source: https://cdn-shared.altium.com/development/altium-all-pages/dist/components/success-stories/success-stories.min.js (1)
[0609/113241:INFO:CONSOLE(1)] "Uncaught TypeError: Cannot read property 'fn' of undefined", source: https://cdn.files.altium.com/themes/master-1780922203/web/themes/custom/altium_designer_new/html/dist/vendor/owl-carousel/owl.carousel.min.js (1)
[0609/113241:INFO:CONSOLE(1)] "Uncaught Error: Bootstrap's JavaScript requires jQuery", source: https://cdn.files.altium.com/themes/master-1780922203/web/themes/custom/altium_designer_new/html/dist/vendor/bootstrap-modal/bootstrap-modal.min.js (1)
[0609/113241:INFO:CONSOLE(1)] "Uncaught ReferenceError: jQuery is not defined", source: https://cdn.files.altium.com/themes/master-1780922203/web/themes/custom/altium_designer_new/html/dist/vendor/countdown/jquery.countdown.min.js (1)
[0609/113241:INFO:CONSOLE(1)] "Uncaught ReferenceError: jQuery is not defined", source: https://cdn.files.altium.com/themes/master-1780922203/web/themes/custom/altium_designer_new/html/dist/js/main.min.js (1)
[0609/113241:INFO:CONSOLE(423)] "Uncaught SyntaxError: Unexpected token ...", source: https://cdn.files.altium.com/themes/master-1780922203/web/themes/custom/altium_designer_new/js/altium_func.js (423)
[0609/113241:INFO:CONSOLE(2)] "Uncaught ReferenceError: Drupal is not defined", source: https://www.altium.com/sites/default/assets/js/js_Jnuqlh_01dbmB9DeAxADgMptejT0oHhdYejr5-CKqwQ.js?scope=footer&delta=26&language=en&theme=altium_designer_new&include=eJx1UFtuhDAMvNBCjhSZxASzSYxss1tuX9olCFH1w_F4ZvxQIEZjqJuDA_SjcLUHZKO1-DC7D-rCfHKrGhcXhUbrwgR2E1LmAXJnExbsqI5806lGguoFIwkG0yZHVEoVxVd8tyFqW6aaTouq26OVH5NXBAlTO7R1_pLNmTmxf1NMaMfoK9UvwrFZC8gTjd2Ru5GlnBsrvCiBEVc_ZA5PdSOzofyvTwjxog-6uAtuvE6w_4f7uaOHnP0CCc-lui4oGoQWc3-p5nqBEBiLC7xWk-2RmFNGb5Bc2p973cMMX9-XTMok (2)
[0609/113241:INFO:CONSOLE(1)] "Uncaught ReferenceError: jQuery is not defined", source: https://cdn-shared.altium.com/production/altium-all-pages/dist/components/gCustomerLogo/gCustomerLogo.min.js (1)
[0609/113241:INFO:CONSOLE(2)] "Uncaught ReferenceError: jQuery is not defined", source: https://www.altium.com/sites/default/assets/js/js_7TxBo_co4qa7qrmVkXyz6lX5vmy1Ia6ml7QwHj8FGJE.js?scope=footer&delta=28&language=en&theme=altium_designer_new&include=eJx1UFtuhDAMvNBCjhSZxASzSYxss1tuX9olCFH1w_F4ZvxQIEZjqJuDA_SjcLUHZKO1-DC7D-rCfHKrGhcXhUbrwgR2E1LmAXJnExbsqI5806lGguoFIwkG0yZHVEoVxVd8tyFqW6aaTouq26OVH5NXBAlTO7R1_pLNmTmxf1NMaMfoK9UvwrFZC8gTjd2Ru5GlnBsrvCiBEVc_ZA5PdSOzofyvTwjxog-6uAtuvE6w_4f7uaOHnP0CCc-lui4oGoQWc3-p5nqBEBiLC7xWk-2RmFNGb5Bc2p973cMMX9-XTMok (2)
[0609/113241:INFO:CONSOLE(1)] "Uncaught SyntaxError: Unexpected token =", source: https://cdn-shared.altium.com/production/navigation_new/app/dist_prod_server_html/footer.js (1)
[0609/113241:INFO:CONSOLE(1)] "Uncaught SyntaxError: Unexpected token ...", source: https://cdn-shared.altium.com/production/navigation_new/app/dist_prod_server_html/header.js (1)
[0609/113241:INFO:CONSOLE(2)] "Uncaught ReferenceError: Drupal is not defined", source: https://www.altium.com/sites/default/assets/js/js_AJsxkK-v6lM5TxNYUKyp78YrSAfLoTwdnO_EQqKTcKU.js?scope=footer&delta=31&language=en&theme=altium_designer_new&include=eJx1UFtuhDAMvNBCjhSZxASzSYxss1tuX9olCFH1w_F4ZvxQIEZjqJuDA_SjcLUHZKO1-DC7D-rCfHKrGhcXhUbrwgR2E1LmAXJnExbsqI5806lGguoFIwkG0yZHVEoVxVd8tyFqW6aaTouq26OVH5NXBAlTO7R1_pLNmTmxf1NMaMfoK9UvwrFZC8gTjd2Ru5GlnBsrvCiBEVc_ZA5PdSOzofyvTwjxog-6uAtuvE6w_4f7uaOHnP0CCc-lui4oGoQWc3-p5nqBEBiLC7xWk-2RmFNGb5Bc2p973cMMX9-XTMok (2)
[0609/113241:INFO:CONSOLE(2)] "Uncaught ReferenceError: jQuery is not defined", source: https://www.altium.com/sites/default/assets/js/js_TBYVDxdQYb69EH7YUGWrdED0IilpDyIIIiCb6DKKDDI.js?scope=footer&delta=33&language=en&theme=altium_designer_new&include=eJx1UFtuhDAMvNBCjhSZxASzSYxss1tuX9olCFH1w_F4ZvxQIEZjqJuDA_SjcLUHZKO1-DC7D-rCfHKrGhcXhUbrwgR2E1LmAXJnExbsqI5806lGguoFIwkG0yZHVEoVxVd8tyFqW6aaTouq26OVH5NXBAlTO7R1_pLNmTmxf1NMaMfoK9UvwrFZC8gTjd2Ru5GlnBsrvCiBEVc_ZA5PdSOzofyvTwjxog-6uAtuvE6w_4f7uaOHnP0CCc-lui4oGoQWc3-p5nqBEBiLC7xWk-2RmFNGb5Bc2p973cMMX9-XTMok (2)
[0609/113241:INFO:CONSOLE(0)] "The source list for Content Security Policy directive 'script-src' contains an invalid source: ''report-sample''. It will be ignored.", source: about:blank (0)
[0609/113241:INFO:CONSOLE(0)] "Unrecognized Content-Security-Policy directive 'worker-src'.
", source: about:blank (0)
[0609/113241:INFO:CONSOLE(144)] "Attempting to initialize MktoForms2 (attempt 1/5)", source: https://www.altium.com/ (144)
[0609/113241:INFO:CONSOLE(159)] "Loading MktoForms2 script", source: https://www.altium.com/ (159)
[0609/113241:INFO:CONSOLE(420)] "Uncaught TypeError: window.DriftChat is not a constructor", source: https://www.altium.com/ (420)
[0609/113241:INFO:CONSOLE(424)] "Uncaught TypeError: window.WdsAltium365Footer is not a constructor", source: https://www.altium.com/ (424)
[0609/113241:INFO:CONSOLE(428)] "Uncaught TypeError: window.DriftChat is not a constructor", source: https://www.altium.com/ (428)
[0609/113241:INFO:CONSOLE(145)] "Uncaught ReferenceError: globalThis is not defined", source: https://www.googletagmanager.com/gtm.js?id=GTM-5LFC7W (145)
[0609/113242:INFO:CONSOLE(143)] "Uncaught TypeError: link.closest(...).after is not a function", source: https://cdn-shared.altium.com/production/onetrust/onetrust.js (143)
[0609/113242:INFO:CONSOLE(7)] "Uncaught (in promise) TypeError: Object.entries is not a function", source: https://cdn.cookielaw.org/scripttemplates/202604.2.0/otBannerSdk.js (7)
[0609/113242:INFO:CONSOLE(144)] "Attempting to initialize MktoForms2 (attempt 2/5)", source: https://www.altium.com/ (144)
[0609/113242:INFO:CONSOLE(146)] "MktoForms2 found, registering form handler", source: https://www.altium.com/ (146)
[0609/113242:INFO:CONSOLE(149)] "Registering onFormRender handler for dynamically added forms", source: https://www.altium.com/ (149)
[0609/113256:INFO:CONSOLE(175)] "Timeout reached waiting for MktoForms2", source: https://www.altium.com/ (175)
